<?xml version="1.0" encoding="UTF-8"?>
<testng-results skipped="0" failed="4" ignored="0" total="9" passed="5">
  <reporter-output>
  </reporter-output>
  <suite name="TestNG Suite" duration-ms="170749" started-at="2020-02-19T12:32:01 EST" finished-at="2020-02-19T12:34:52 EST">
    <groups>
    </groups>
    <test name="headlessTest" duration-ms="25091" started-at="2020-02-19T12:32:01 EST" finished-at="2020-02-19T12:32:26 EST">
      <class name="com.wmata.suite.chromeHeadless.tripDirTest">
        <test-method status="PASS" signature="setup(java.lang.String)[pri:0, instance:com.wmata.suite.chromeHeadless.tripDirTest@236ab296]" name="setup" is-config="true" duration-ms="18529" started-at="2020-02-19T12:32:01 EST" finished-at="2020-02-19T12:32:20 EST">
          <params>
            <param index="0">
              <value>
                <![CDATA[chromeHeadless]]>
              </value>
            </param>
          </params>
          <reporter-output>
          </reporter-output>
        </test-method> <!-- setup -->
        <test-method status="PASS" signature="executeTripSearch()[pri:0, instance:com.wmata.suite.chromeHeadless.tripDirTest@236ab296]" name="executeTripSearch" duration-ms="4618" started-at="2020-02-19T12:32:20 EST" finished-at="2020-02-19T12:32:24 EST">
          <reporter-output>
          </reporter-output>
        </test-method> <!-- executeTripSearch -->
        <test-method status="PASS" signature="teardown()[pri:0, instance:com.wmata.suite.chromeHeadless.tripDirTest@236ab296]" name="teardown" is-config="true" duration-ms="1479" started-at="2020-02-19T12:32:24 EST" finished-at="2020-02-19T12:32:26 EST">
          <reporter-output>
          </reporter-output>
        </test-method> <!-- teardown -->
      </class> <!-- com.wmata.suite.chromeHeadless.tripDirTest -->
      <class name="com.wmata.suite.chromeHeadless.planMyTrip_Fail_A_Test">
        <test-method status="PASS" signature="setup(java.lang.String)[pri:0, instance:com.wmata.suite.chromeHeadless.planMyTrip_Fail_A_Test@5c84624f]" name="setup" is-config="true" duration-ms="18750" started-at="2020-02-19T12:32:01 EST" finished-at="2020-02-19T12:32:20 EST">
          <params>
            <param index="0">
              <value>
                <![CDATA[chromeHeadless]]>
              </value>
            </param>
          </params>
          <reporter-output>
          </reporter-output>
        </test-method> <!-- setup -->
        <test-method status="FAIL" signature="letsMetro()[pri:0, instance:com.wmata.suite.chromeHeadless.planMyTrip_Fail_A_Test@5c84624f]" name="letsMetro" duration-ms="3616" started-at="2020-02-19T12:32:20 EST" finished-at="2020-02-19T12:32:23 EST">
          <exception class="org.openqa.selenium.NoSuchElementException">
            <message>
              <![CDATA[no such element: Unable to locate element: {"method":"css selector","selector":"redCherries"}
  (Session info: headless chrome=80.0.3987.116)
For documentation on this error, please visit: https://www.seleniumhq.org/exceptions/no_such_element.html
Build info: version: '4.0.0-alpha-2', revision: 'f148142cf8', time: '2019-07-01T20:55:26'
System info: host: 'DESKTOP-4LQORMC', ip: '192.168.0.151', os.name: 'Windows 10', os.arch: 'amd64', os.version: '10.0', java.version: '1.8.0_231'
Driver info: org.openqa.selenium.chrome.ChromeDriver
Capabilities {acceptInsecureCerts: false, browserName: chrome, browserVersion: 80.0.3987.116, chrome: {chromedriverVersion: 80.0.3987.106 (f68069574609..., userDataDir: C:\Users\marwa\AppData\Loca...}, goog:chromeOptions: {debuggerAddress: localhost:58192}, javascriptEnabled: true, networkConnectionEnabled: false, pageLoadStrategy: normal, platform: WINDOWS, platformName: WINDOWS, proxy: Proxy(), setWindowRect: true, strictFileInteractability: false, timeouts: {implicit: 0, pageLoad: 300000, script: 30000}, unhandledPromptBehavior: dismiss and notify}
Session ID: 34c02f1f786b2a23c828394783a9e433
*** Element info: {Using=css selector, value=redCherries}]]>
            </message>
            <full-stacktrace>
              <![CDATA[org.openqa.selenium.NoSuchElementException: no such element: Unable to locate element: {"method":"css selector","selector":"redCherries"}
  (Session info: headless chrome=80.0.3987.116)
For documentation on this error, please visit: https://www.seleniumhq.org/exceptions/no_such_element.html
Build info: version: '4.0.0-alpha-2', revision: 'f148142cf8', time: '2019-07-01T20:55:26'
System info: host: 'DESKTOP-4LQORMC', ip: '192.168.0.151', os.name: 'Windows 10', os.arch: 'amd64', os.version: '10.0', java.version: '1.8.0_231'
Driver info: org.openqa.selenium.chrome.ChromeDriver
Capabilities {acceptInsecureCerts: false, browserName: chrome, browserVersion: 80.0.3987.116, chrome: {chromedriverVersion: 80.0.3987.106 (f68069574609..., userDataDir: C:\Users\marwa\AppData\Loca...}, goog:chromeOptions: {debuggerAddress: localhost:58192}, javascriptEnabled: true, networkConnectionEnabled: false, pageLoadStrategy: normal, platform: WINDOWS, platformName: WINDOWS, proxy: Proxy(), setWindowRect: true, strictFileInteractability: false, timeouts: {implicit: 0, pageLoad: 300000, script: 30000}, unhandledPromptBehavior: dismiss and notify}
Session ID: 34c02f1f786b2a23c828394783a9e433
*** Element info: {Using=css selector, value=redCherries}
at sun.reflect.NativeConstructorAccessorImpl.newInstance0(Native Method)
at sun.reflect.NativeConstructorAccessorImpl.newInstance(NativeConstructorAccessorImpl.java:62)
at sun.reflect.DelegatingConstructorAccessorImpl.newInstance(DelegatingConstructorAccessorImpl.java:45)
at java.lang.reflect.Constructor.newInstance(Constructor.java:423)
at org.openqa.selenium.remote.codec.w3c.W3CHttpResponseCodec.createException(W3CHttpResponseCodec.java:191)
at org.openqa.selenium.remote.codec.w3c.W3CHttpResponseCodec.decode(W3CHttpResponseCodec.java:125)
at org.openqa.selenium.remote.codec.w3c.W3CHttpResponseCodec.decode(W3CHttpResponseCodec.java:52)
at org.openqa.selenium.remote.HttpCommandExecutor.execute(HttpCommandExecutor.java:161)
at org.openqa.selenium.remote.service.DriverCommandExecutor.execute(DriverCommandExecutor.java:83)
at org.openqa.selenium.remote.RemoteWebDriver.execute(RemoteWebDriver.java:576)
at org.openqa.selenium.remote.RemoteWebDriver.findElement(RemoteWebDriver.java:327)
at org.openqa.selenium.remote.RemoteWebDriver.findElementByCssSelector(RemoteWebDriver.java:435)
at org.openqa.selenium.By$ByCssSelector.findElement(By.java:431)
at org.openqa.selenium.remote.RemoteWebDriver.findElement(RemoteWebDriver.java:319)
at com.wmata.suite.chromeHeadless.planMyTrip_Fail_A_Test.letsMetro(planMyTrip_Fail_A_Test.java:20)
at sun.reflect.NativeMethodAccessorImpl.invoke0(Native Method)
at sun.reflect.NativeMethodAccessorImpl.invoke(NativeMethodAccessorImpl.java:62)
at sun.reflect.DelegatingMethodAccessorImpl.invoke(DelegatingMethodAccessorImpl.java:43)
at java.lang.reflect.Method.invoke(Method.java:498)
at org.testng.internal.MethodInvocationHelper.invokeMethod(MethodInvocationHelper.java:133)
at org.testng.internal.TestInvoker.invokeMethod(TestInvoker.java:584)
at org.testng.internal.TestInvoker.invokeTestMethod(TestInvoker.java:172)
at org.testng.internal.MethodRunner.runInSequence(MethodRunner.java:46)
at org.testng.internal.TestInvoker$MethodInvocationAgent.invoke(TestInvoker.java:804)
at org.testng.internal.TestInvoker.invokeTestMethods(TestInvoker.java:145)
at org.testng.internal.TestMethodWorker.invokeTestMethods(TestMethodWorker.java:146)
at org.testng.internal.TestMethodWorker.run(TestMethodWorker.java:128)
at java.util.concurrent.ThreadPoolExecutor.runWorker(ThreadPoolExecutor.java:1149)
at java.util.concurrent.ThreadPoolExecutor$Worker.run(ThreadPoolExecutor.java:624)
at java.lang.Thread.run(Thread.java:748)
]]>
            </full-stacktrace>
          </exception> <!-- org.openqa.selenium.NoSuchElementException -->
          <reporter-output>
          </reporter-output>
        </test-method> <!-- letsMetro -->
        <test-method status="PASS" signature="teardown()[pri:0, instance:com.wmata.suite.chromeHeadless.planMyTrip_Fail_A_Test@5c84624f]" name="teardown" is-config="true" duration-ms="1792" started-at="2020-02-19T12:32:24 EST" finished-at="2020-02-19T12:32:25 EST">
          <reporter-output>
          </reporter-output>
        </test-method> <!-- teardown -->
      </class> <!-- com.wmata.suite.chromeHeadless.planMyTrip_Fail_A_Test -->
    </test> <!-- headlessTest -->
    <test name="chromeTest" duration-ms="25209" started-at="2020-02-19T12:32:26 EST" finished-at="2020-02-19T12:32:51 EST">
      <class name="com.wmata.suite.chrome.tripDirTest">
        <test-method status="PASS" signature="setup(java.lang.String)[pri:0, instance:com.wmata.suite.chrome.tripDirTest@53bf7094]" name="setup" is-config="true" duration-ms="17518" started-at="2020-02-19T12:32:26 EST" finished-at="2020-02-19T12:32:44 EST">
          <params>
            <param index="0">
              <value>
                <![CDATA[chrome]]>
              </value>
            </param>
          </params>
          <reporter-output>
          </reporter-output>
        </test-method> <!-- setup -->
        <test-method status="PASS" signature="executeTripSearch()[pri:0, instance:com.wmata.suite.chrome.tripDirTest@53bf7094]" name="executeTripSearch" duration-ms="6139" started-at="2020-02-19T12:32:44 EST" finished-at="2020-02-19T12:32:50 EST">
          <reporter-output>
          </reporter-output>
        </test-method> <!-- executeTripSearch -->
        <test-method status="PASS" signature="teardown()[pri:0, instance:com.wmata.suite.chrome.tripDirTest@53bf7094]" name="teardown" is-config="true" duration-ms="1524" started-at="2020-02-19T12:32:50 EST" finished-at="2020-02-19T12:32:51 EST">
          <reporter-output>
          </reporter-output>
        </test-method> <!-- teardown -->
      </class> <!-- com.wmata.suite.chrome.tripDirTest -->
      <class name="com.wmata.suite.chrome.goToServiceTest">
        <test-method status="PASS" signature="setup(java.lang.String)[pri:0, instance:com.wmata.suite.chrome.goToServiceTest@60222fd8]" name="setup" is-config="true" duration-ms="16039" started-at="2020-02-19T12:32:26 EST" finished-at="2020-02-19T12:32:42 EST">
          <params>
            <param index="0">
              <value>
                <![CDATA[chrome]]>
              </value>
            </param>
          </params>
          <reporter-output>
          </reporter-output>
        </test-method> <!-- setup -->
        <test-method status="PASS" signature="goToService()[pri:0, instance:com.wmata.suite.chrome.goToServiceTest@60222fd8]" name="goToService" duration-ms="6527" started-at="2020-02-19T12:32:42 EST" finished-at="2020-02-19T12:32:49 EST">
          <reporter-output>
          </reporter-output>
        </test-method> <!-- goToService -->
        <test-method status="PASS" signature="teardown()[pri:0, instance:com.wmata.suite.chrome.goToServiceTest@60222fd8]" name="teardown" is-config="true" duration-ms="1716" started-at="2020-02-19T12:32:49 EST" finished-at="2020-02-19T12:32:50 EST">
          <reporter-output>
          </reporter-output>
        </test-method> <!-- teardown -->
      </class> <!-- com.wmata.suite.chrome.goToServiceTest -->
    </test> <!-- chromeTest -->
    <test name="firefoxTest" duration-ms="64147" started-at="2020-02-19T12:32:51 EST" finished-at="2020-02-19T12:33:55 EST">
      <class name="com.wmata.suite.firefox.tripDirTest">
        <test-method status="PASS" signature="setup(java.lang.String)[pri:0, instance:com.wmata.suite.firefox.tripDirTest@169da7f2]" name="setup" is-config="true" duration-ms="25835" started-at="2020-02-19T12:32:51 EST" finished-at="2020-02-19T12:33:17 EST">
          <params>
            <param index="0">
              <value>
                <![CDATA[ff]]>
              </value>
            </param>
          </params>
          <reporter-output>
          </reporter-output>
        </test-method> <!-- setup -->
        <test-method status="PASS" signature="executeTripSearch()[pri:0, instance:com.wmata.suite.firefox.tripDirTest@169da7f2]" name="executeTripSearch" duration-ms="6437" started-at="2020-02-19T12:33:17 EST" finished-at="2020-02-19T12:33:24 EST">
          <reporter-output>
          </reporter-output>
        </test-method> <!-- executeTripSearch -->
        <test-method status="PASS" signature="teardown()[pri:0, instance:com.wmata.suite.firefox.tripDirTest@169da7f2]" name="teardown" is-config="true" duration-ms="10086" started-at="2020-02-19T12:33:24 EST" finished-at="2020-02-19T12:33:34 EST">
          <reporter-output>
          </reporter-output>
        </test-method> <!-- teardown -->
      </class> <!-- com.wmata.suite.firefox.tripDirTest -->
      <class name="com.wmata.suite.firefox.tripDirTest_Fail_B_Test">
        <test-method status="PASS" signature="setup(java.lang.String)[pri:0, instance:com.wmata.suite.firefox.tripDirTest_Fail_B_Test@3c1e23ff]" name="setup" is-config="true" duration-ms="29498" started-at="2020-02-19T12:32:51 EST" finished-at="2020-02-19T12:33:21 EST">
          <params>
            <param index="0">
              <value>
                <![CDATA[ff]]>
              </value>
            </param>
          </params>
          <reporter-output>
          </reporter-output>
        </test-method> <!-- setup -->
        <test-method status="FAIL" signature="executeTripSearch()[pri:0, instance:com.wmata.suite.firefox.tripDirTest_Fail_B_Test@3c1e23ff]" name="executeTripSearch" duration-ms="7108" started-at="2020-02-19T12:33:21 EST" finished-at="2020-02-19T12:33:28 EST">
          <exception class="org.openqa.selenium.NoSuchElementException">
            <message>
              <![CDATA[Unable to locate element: redCherries
For documentation on this error, please visit: https://www.seleniumhq.org/exceptions/no_such_element.html
Build info: version: '4.0.0-alpha-2', revision: 'f148142cf8', time: '2019-07-01T20:55:26'
System info: host: 'DESKTOP-4LQORMC', ip: '192.168.0.151', os.name: 'Windows 10', os.arch: 'amd64', os.version: '10.0', java.version: '1.8.0_231'
Driver info: org.openqa.selenium.firefox.FirefoxDriver
Capabilities {acceptInsecureCerts: true, browserName: firefox, browserVersion: 73.0, javascriptEnabled: true, moz:accessibilityChecks: false, moz:buildID: 20200207195153, moz:geckodriverVersion: 0.26.0, moz:headless: false, moz:processID: 25368, moz:profile: C:\Users\marwa\AppData\Loca..., moz:shutdownTimeout: 60000, moz:useNonSpecCompliantPointerOrigin: false, moz:webdriverClick: true, pageLoadStrategy: normal, platform: WINDOWS, platformName: WINDOWS, platformVersion: 10.0, rotatable: false, setWindowRect: true, strictFileInteractability: false, timeouts: {implicit: 0, pageLoad: 300000, script: 30000}, unhandledPromptBehavior: dismiss and notify}
Session ID: dc0e83e4-eaa5-4c14-89dc-13430bd11c07
*** Element info: {Using=css selector, value=redCherries}]]>
            </message>
            <full-stacktrace>
              <![CDATA[org.openqa.selenium.NoSuchElementException: Unable to locate element: redCherries
For documentation on this error, please visit: https://www.seleniumhq.org/exceptions/no_such_element.html
Build info: version: '4.0.0-alpha-2', revision: 'f148142cf8', time: '2019-07-01T20:55:26'
System info: host: 'DESKTOP-4LQORMC', ip: '192.168.0.151', os.name: 'Windows 10', os.arch: 'amd64', os.version: '10.0', java.version: '1.8.0_231'
Driver info: org.openqa.selenium.firefox.FirefoxDriver
Capabilities {acceptInsecureCerts: true, browserName: firefox, browserVersion: 73.0, javascriptEnabled: true, moz:accessibilityChecks: false, moz:buildID: 20200207195153, moz:geckodriverVersion: 0.26.0, moz:headless: false, moz:processID: 25368, moz:profile: C:\Users\marwa\AppData\Loca..., moz:shutdownTimeout: 60000, moz:useNonSpecCompliantPointerOrigin: false, moz:webdriverClick: true, pageLoadStrategy: normal, platform: WINDOWS, platformName: WINDOWS, platformVersion: 10.0, rotatable: false, setWindowRect: true, strictFileInteractability: false, timeouts: {implicit: 0, pageLoad: 300000, script: 30000}, unhandledPromptBehavior: dismiss and notify}
Session ID: dc0e83e4-eaa5-4c14-89dc-13430bd11c07
*** Element info: {Using=css selector, value=redCherries}
at sun.reflect.NativeConstructorAccessorImpl.newInstance0(Native Method)
at sun.reflect.NativeConstructorAccessorImpl.newInstance(NativeConstructorAccessorImpl.java:62)
at sun.reflect.DelegatingConstructorAccessorImpl.newInstance(DelegatingConstructorAccessorImpl.java:45)
at java.lang.reflect.Constructor.newInstance(Constructor.java:423)
at org.openqa.selenium.remote.codec.w3c.W3CHttpResponseCodec.createException(W3CHttpResponseCodec.java:191)
at org.openqa.selenium.remote.codec.w3c.W3CHttpResponseCodec.decode(W3CHttpResponseCodec.java:125)
at org.openqa.selenium.remote.codec.w3c.W3CHttpResponseCodec.decode(W3CHttpResponseCodec.java:52)
at org.openqa.selenium.remote.HttpCommandExecutor.execute(HttpCommandExecutor.java:161)
at org.openqa.selenium.remote.service.DriverCommandExecutor.execute(DriverCommandExecutor.java:83)
at org.openqa.selenium.remote.RemoteWebDriver.execute(RemoteWebDriver.java:576)
at org.openqa.selenium.remote.RemoteWebDriver.findElement(RemoteWebDriver.java:327)
at org.openqa.selenium.remote.RemoteWebDriver.findElementByCssSelector(RemoteWebDriver.java:435)
at org.openqa.selenium.By$ByCssSelector.findElement(By.java:431)
at org.openqa.selenium.remote.RemoteWebDriver.findElement(RemoteWebDriver.java:319)
at com.wmata.suite.firefox.tripDirTest_Fail_B_Test.executeTripSearch(tripDirTest_Fail_B_Test.java:22)
at sun.reflect.NativeMethodAccessorImpl.invoke0(Native Method)
at sun.reflect.NativeMethodAccessorImpl.invoke(NativeMethodAccessorImpl.java:62)
at sun.reflect.DelegatingMethodAccessorImpl.invoke(DelegatingMethodAccessorImpl.java:43)
at java.lang.reflect.Method.invoke(Method.java:498)
at org.testng.internal.MethodInvocationHelper.invokeMethod(MethodInvocationHelper.java:133)
at org.testng.internal.TestInvoker.invokeMethod(TestInvoker.java:584)
at org.testng.internal.TestInvoker.invokeTestMethod(TestInvoker.java:172)
at org.testng.internal.MethodRunner.runInSequence(MethodRunner.java:46)
at org.testng.internal.TestInvoker$MethodInvocationAgent.invoke(TestInvoker.java:804)
at org.testng.internal.TestInvoker.invokeTestMethods(TestInvoker.java:145)
at org.testng.internal.TestMethodWorker.invokeTestMethods(TestMethodWorker.java:146)
at org.testng.internal.TestMethodWorker.run(TestMethodWorker.java:128)
at java.util.concurrent.ThreadPoolExecutor.runWorker(ThreadPoolExecutor.java:1149)
at java.util.concurrent.ThreadPoolExecutor$Worker.run(ThreadPoolExecutor.java:624)
at java.lang.Thread.run(Thread.java:748)
]]>
            </full-stacktrace>
          </exception> <!-- org.openqa.selenium.NoSuchElementException -->
          <reporter-output>
          </reporter-output>
        </test-method> <!-- executeTripSearch -->
        <test-method status="PASS" signature="teardown()[pri:0, instance:com.wmata.suite.firefox.tripDirTest_Fail_B_Test@3c1e23ff]" name="teardown" is-config="true" duration-ms="6168" started-at="2020-02-19T12:33:28 EST" finished-at="2020-02-19T12:33:34 EST">
          <reporter-output>
          </reporter-output>
        </test-method> <!-- teardown -->
      </class> <!-- com.wmata.suite.firefox.tripDirTest_Fail_B_Test -->
      <class name="com.wmata.suite.firefox.goToServiceTest">
        <test-method status="PASS" signature="setup(java.lang.String)[pri:0, instance:com.wmata.suite.firefox.goToServiceTest@64711bf2]" name="setup" is-config="true" duration-ms="29498" started-at="2020-02-19T12:32:51 EST" finished-at="2020-02-19T12:33:21 EST">
          <params>
            <param index="0">
              <value>
                <![CDATA[ff]]>
              </value>
            </param>
          </params>
          <reporter-output>
          </reporter-output>
        </test-method> <!-- setup -->
        <test-method status="FAIL" signature="goToService()[pri:0, instance:com.wmata.suite.firefox.goToServiceTest@64711bf2]" name="goToService" duration-ms="30157" started-at="2020-02-19T12:33:21 EST" finished-at="2020-02-19T12:33:51 EST">
          <exception class="org.openqa.selenium.NoSuchElementException">
            <message>
              <![CDATA[Unable to locate element: //*[@id="mm-0"]/div[2]/header/imp/div[2]/div/nav/ul/li[1]/a
For documentation on this error, please visit: https://www.seleniumhq.org/exceptions/no_such_element.html
Build info: version: '4.0.0-alpha-2', revision: 'f148142cf8', time: '2019-07-01T20:55:26'
System info: host: 'DESKTOP-4LQORMC', ip: '192.168.0.151', os.name: 'Windows 10', os.arch: 'amd64', os.version: '10.0', java.version: '1.8.0_231'
Driver info: org.openqa.selenium.firefox.FirefoxDriver
Capabilities {acceptInsecureCerts: true, browserName: firefox, browserVersion: 73.0, javascriptEnabled: true, moz:accessibilityChecks: false, moz:buildID: 20200207195153, moz:geckodriverVersion: 0.26.0, moz:headless: false, moz:processID: 4708, moz:profile: C:\Users\marwa\AppData\Loca..., moz:shutdownTimeout: 60000, moz:useNonSpecCompliantPointerOrigin: false, moz:webdriverClick: true, pageLoadStrategy: normal, platform: WINDOWS, platformName: WINDOWS, platformVersion: 10.0, rotatable: false, setWindowRect: true, strictFileInteractability: false, timeouts: {implicit: 0, pageLoad: 300000, script: 30000}, unhandledPromptBehavior: dismiss and notify}
Session ID: 9bb05b7f-915d-48b0-8076-88e85fb5e529
*** Element info: {Using=xpath, value=//*[@id="mm-0"]/div[2]/header/imp/div[2]/div/nav/ul/li[1]/a}]]>
            </message>
            <full-stacktrace>
              <![CDATA[org.openqa.selenium.NoSuchElementException: Unable to locate element: //*[@id="mm-0"]/div[2]/header/imp/div[2]/div/nav/ul/li[1]/a
For documentation on this error, please visit: https://www.seleniumhq.org/exceptions/no_such_element.html
Build info: version: '4.0.0-alpha-2', revision: 'f148142cf8', time: '2019-07-01T20:55:26'
System info: host: 'DESKTOP-4LQORMC', ip: '192.168.0.151', os.name: 'Windows 10', os.arch: 'amd64', os.version: '10.0', java.version: '1.8.0_231'
Driver info: org.openqa.selenium.firefox.FirefoxDriver
Capabilities {acceptInsecureCerts: true, browserName: firefox, browserVersion: 73.0, javascriptEnabled: true, moz:accessibilityChecks: false, moz:buildID: 20200207195153, moz:geckodriverVersion: 0.26.0, moz:headless: false, moz:processID: 4708, moz:profile: C:\Users\marwa\AppData\Loca..., moz:shutdownTimeout: 60000, moz:useNonSpecCompliantPointerOrigin: false, moz:webdriverClick: true, pageLoadStrategy: normal, platform: WINDOWS, platformName: WINDOWS, platformVersion: 10.0, rotatable: false, setWindowRect: true, strictFileInteractability: false, timeouts: {implicit: 0, pageLoad: 300000, script: 30000}, unhandledPromptBehavior: dismiss and notify}
Session ID: 9bb05b7f-915d-48b0-8076-88e85fb5e529
*** Element info: {Using=xpath, value=//*[@id="mm-0"]/div[2]/header/imp/div[2]/div/nav/ul/li[1]/a}
at sun.reflect.NativeConstructorAccessorImpl.newInstance0(Native Method)
at sun.reflect.NativeConstructorAccessorImpl.newInstance(NativeConstructorAccessorImpl.java:62)
at sun.reflect.DelegatingConstructorAccessorImpl.newInstance(DelegatingConstructorAccessorImpl.java:45)
at java.lang.reflect.Constructor.newInstance(Constructor.java:423)
at org.openqa.selenium.remote.codec.w3c.W3CHttpResponseCodec.createException(W3CHttpResponseCodec.java:191)
at org.openqa.selenium.remote.codec.w3c.W3CHttpResponseCodec.decode(W3CHttpResponseCodec.java:125)
at org.openqa.selenium.remote.codec.w3c.W3CHttpResponseCodec.decode(W3CHttpResponseCodec.java:52)
at org.openqa.selenium.remote.HttpCommandExecutor.execute(HttpCommandExecutor.java:161)
at org.openqa.selenium.remote.service.DriverCommandExecutor.execute(DriverCommandExecutor.java:83)
at org.openqa.selenium.remote.RemoteWebDriver.execute(RemoteWebDriver.java:576)
at org.openqa.selenium.remote.RemoteWebDriver.findElement(RemoteWebDriver.java:327)
at org.openqa.selenium.remote.RemoteWebDriver.findElementByXPath(RemoteWebDriver.java:445)
at org.openqa.selenium.By$ByXPath.findElement(By.java:353)
at org.openqa.selenium.remote.RemoteWebDriver.findElement(RemoteWebDriver.java:319)
at org.openqa.selenium.support.pagefactory.DefaultElementLocator.findElement(DefaultElementLocator.java:70)
at org.openqa.selenium.support.pagefactory.internal.LocatingElementHandler.invoke(LocatingElementHandler.java:39)
at com.sun.proxy.$Proxy9.click(Unknown Source)
at com.pages.HomePage.clickServiceLink(HomePage.java:92)
at com.wmata.suite.firefox.goToServiceTest.goToService(goToServiceTest.java:20)
at sun.reflect.NativeMethodAccessorImpl.invoke0(Native Method)
at sun.reflect.NativeMethodAccessorImpl.invoke(NativeMethodAccessorImpl.java:62)
at sun.reflect.DelegatingMethodAccessorImpl.invoke(DelegatingMethodAccessorImpl.java:43)
at java.lang.reflect.Method.invoke(Method.java:498)
at org.testng.internal.MethodInvocationHelper.invokeMethod(MethodInvocationHelper.java:133)
at org.testng.internal.TestInvoker.invokeMethod(TestInvoker.java:584)
at org.testng.internal.TestInvoker.invokeTestMethod(TestInvoker.java:172)
at org.testng.internal.MethodRunner.runInSequence(MethodRunner.java:46)
at org.testng.internal.TestInvoker$MethodInvocationAgent.invoke(TestInvoker.java:804)
at org.testng.internal.TestInvoker.invokeTestMethods(TestInvoker.java:145)
at org.testng.internal.TestMethodWorker.invokeTestMethods(TestMethodWorker.java:146)
at org.testng.internal.TestMethodWorker.run(TestMethodWorker.java:128)
at java.util.concurrent.ThreadPoolExecutor.runWorker(ThreadPoolExecutor.java:1149)
at java.util.concurrent.ThreadPoolExecutor$Worker.run(ThreadPoolExecutor.java:624)
at java.lang.Thread.run(Thread.java:748)
]]>
            </full-stacktrace>
          </exception> <!-- org.openqa.selenium.NoSuchElementException -->
          <reporter-output>
          </reporter-output>
        </test-method> <!-- goToService -->
        <test-method status="PASS" signature="teardown()[pri:0, instance:com.wmata.suite.firefox.goToServiceTest@64711bf2]" name="teardown" is-config="true" duration-ms="4463" started-at="2020-02-19T12:33:51 EST" finished-at="2020-02-19T12:33:55 EST">
          <reporter-output>
          </reporter-output>
        </test-method> <!-- teardown -->
      </class> <!-- com.wmata.suite.firefox.goToServiceTest -->
    </test> <!-- firefoxTest -->
    <test name="ieTest" duration-ms="56054" started-at="2020-02-19T12:33:56 EST" finished-at="2020-02-19T12:34:52 EST">
      <class name="com.wmata.suite.ie.goToServiceTest">
        <test-method status="PASS" signature="setup(java.lang.String)[pri:0, instance:com.wmata.suite.ie.goToServiceTest@3ecedf21]" name="setup" is-config="true" duration-ms="24946" started-at="2020-02-19T12:33:56 EST" finished-at="2020-02-19T12:34:20 EST">
          <params>
            <param index="0">
              <value>
                <![CDATA[ie]]>
              </value>
            </param>
          </params>
          <reporter-output>
          </reporter-output>
        </test-method> <!-- setup -->
        <test-method status="FAIL" signature="goToService()[pri:0, instance:com.wmata.suite.ie.goToServiceTest@3ecedf21]" name="goToService" duration-ms="30084" started-at="2020-02-19T12:34:20 EST" finished-at="2020-02-19T12:34:51 EST">
          <exception class="org.openqa.selenium.NoSuchElementException">
            <message>
              <![CDATA[Unable to find element with xpath == //*[@id="mm-0"]/div[2]/header/imp/div[2]/div/nav/ul/li[1]/a
For documentation on this error, please visit: https://www.seleniumhq.org/exceptions/no_such_element.html
Build info: version: '4.0.0-alpha-2', revision: 'f148142cf8', time: '2019-07-01T20:55:26'
System info: host: 'DESKTOP-4LQORMC', ip: '192.168.0.151', os.name: 'Windows 10', os.arch: 'amd64', os.version: '10.0', java.version: '1.8.0_231'
Driver info: org.openqa.selenium.ie.InternetExplorerDriver
Capabilities {acceptInsecureCerts: false, browserName: internet explorer, browserVersion: 11, javascriptEnabled: true, pageLoadStrategy: normal, platform: WINDOWS, platformName: WINDOWS, proxy: Proxy(), se:ieOptions: {browserAttachTimeout: 0, elementScrollBehavior: 0, enablePersistentHover: true, ie.browserCommandLineSwitches: , ie.edgechromium: false, ie.edgepath: , ie.ensureCleanSession: false, ie.fileUploadDialogTimeout: 3000, ie.forceCreateProcessApi: false, ignoreProtectedModeSettings: false, ignoreZoomSetting: false, initialBrowserUrl: http://localhost:32636/, nativeEvents: true, requireWindowFocus: false}, setWindowRect: true, strictFileInteractability: false, timeouts: {implicit: 0, pageLoad: 300000, script: 30000}, unhandledPromptBehavior: dismiss and notify}
Session ID: 46cd9d64-f72c-4f47-998d-ab9db0cb0fbc
*** Element info: {Using=xpath, value=//*[@id="mm-0"]/div[2]/header/imp/div[2]/div/nav/ul/li[1]/a}]]>
            </message>
            <full-stacktrace>
              <![CDATA[org.openqa.selenium.NoSuchElementException: Unable to find element with xpath == //*[@id="mm-0"]/div[2]/header/imp/div[2]/div/nav/ul/li[1]/a
For documentation on this error, please visit: https://www.seleniumhq.org/exceptions/no_such_element.html
Build info: version: '4.0.0-alpha-2', revision: 'f148142cf8', time: '2019-07-01T20:55:26'
System info: host: 'DESKTOP-4LQORMC', ip: '192.168.0.151', os.name: 'Windows 10', os.arch: 'amd64', os.version: '10.0', java.version: '1.8.0_231'
Driver info: org.openqa.selenium.ie.InternetExplorerDriver
Capabilities {acceptInsecureCerts: false, browserName: internet explorer, browserVersion: 11, javascriptEnabled: true, pageLoadStrategy: normal, platform: WINDOWS, platformName: WINDOWS, proxy: Proxy(), se:ieOptions: {browserAttachTimeout: 0, elementScrollBehavior: 0, enablePersistentHover: true, ie.browserCommandLineSwitches: , ie.edgechromium: false, ie.edgepath: , ie.ensureCleanSession: false, ie.fileUploadDialogTimeout: 3000, ie.forceCreateProcessApi: false, ignoreProtectedModeSettings: false, ignoreZoomSetting: false, initialBrowserUrl: http://localhost:32636/, nativeEvents: true, requireWindowFocus: false}, setWindowRect: true, strictFileInteractability: false, timeouts: {implicit: 0, pageLoad: 300000, script: 30000}, unhandledPromptBehavior: dismiss and notify}
Session ID: 46cd9d64-f72c-4f47-998d-ab9db0cb0fbc
*** Element info: {Using=xpath, value=//*[@id="mm-0"]/div[2]/header/imp/div[2]/div/nav/ul/li[1]/a}
at sun.reflect.NativeConstructorAccessorImpl.newInstance0(Native Method)
at sun.reflect.NativeConstructorAccessorImpl.newInstance(NativeConstructorAccessorImpl.java:62)
at sun.reflect.DelegatingConstructorAccessorImpl.newInstance(DelegatingConstructorAccessorImpl.java:45)
at java.lang.reflect.Constructor.newInstance(Constructor.java:423)
at org.openqa.selenium.remote.codec.w3c.W3CHttpResponseCodec.createException(W3CHttpResponseCodec.java:191)
at org.openqa.selenium.remote.codec.w3c.W3CHttpResponseCodec.decode(W3CHttpResponseCodec.java:125)
at org.openqa.selenium.remote.codec.w3c.W3CHttpResponseCodec.decode(W3CHttpResponseCodec.java:52)
at org.openqa.selenium.remote.HttpCommandExecutor.execute(HttpCommandExecutor.java:161)
at org.openqa.selenium.remote.service.DriverCommandExecutor.execute(DriverCommandExecutor.java:83)
at org.openqa.selenium.remote.RemoteWebDriver.execute(RemoteWebDriver.java:576)
at org.openqa.selenium.remote.RemoteWebDriver.findElement(RemoteWebDriver.java:327)
at org.openqa.selenium.remote.RemoteWebDriver.findElementByXPath(RemoteWebDriver.java:445)
at org.openqa.selenium.By$ByXPath.findElement(By.java:353)
at org.openqa.selenium.remote.RemoteWebDriver.findElement(RemoteWebDriver.java:319)
at org.openqa.selenium.support.pagefactory.DefaultElementLocator.findElement(DefaultElementLocator.java:70)
at org.openqa.selenium.support.pagefactory.internal.LocatingElementHandler.invoke(LocatingElementHandler.java:39)
at com.sun.proxy.$Proxy9.click(Unknown Source)
at com.pages.HomePage.clickServiceLink(HomePage.java:92)
at com.wmata.suite.ie.goToServiceTest.goToService(goToServiceTest.java:20)
at sun.reflect.NativeMethodAccessorImpl.invoke0(Native Method)
at sun.reflect.NativeMethodAccessorImpl.invoke(NativeMethodAccessorImpl.java:62)
at sun.reflect.DelegatingMethodAccessorImpl.invoke(DelegatingMethodAccessorImpl.java:43)
at java.lang.reflect.Method.invoke(Method.java:498)
at org.testng.internal.MethodInvocationHelper.invokeMethod(MethodInvocationHelper.java:133)
at org.testng.internal.TestInvoker.invokeMethod(TestInvoker.java:584)
at org.testng.internal.TestInvoker.invokeTestMethod(TestInvoker.java:172)
at org.testng.internal.MethodRunner.runInSequence(MethodRunner.java:46)
at org.testng.internal.TestInvoker$MethodInvocationAgent.invoke(TestInvoker.java:804)
at org.testng.internal.TestInvoker.invokeTestMethods(TestInvoker.java:145)
at org.testng.internal.TestMethodWorker.invokeTestMethods(TestMethodWorker.java:146)
at org.testng.internal.TestMethodWorker.run(TestMethodWorker.java:128)
at java.util.concurrent.ThreadPoolExecutor.runWorker(ThreadPoolExecutor.java:1149)
at java.util.concurrent.ThreadPoolExecutor$Worker.run(ThreadPoolExecutor.java:624)
at java.lang.Thread.run(Thread.java:748)
]]>
            </full-stacktrace>
          </exception> <!-- org.openqa.selenium.NoSuchElementException -->
          <reporter-output>
          </reporter-output>
        </test-method> <!-- goToService -->
        <test-method status="PASS" signature="teardown()[pri:0, instance:com.wmata.suite.ie.goToServiceTest@3ecedf21]" name="teardown" is-config="true" duration-ms="1007" started-at="2020-02-19T12:34:51 EST" finished-at="2020-02-19T12:34:52 EST">
          <reporter-output>
          </reporter-output>
        </test-method> <!-- teardown -->
      </class> <!-- com.wmata.suite.ie.goToServiceTest -->
      <class name="com.wmata.suite.ie.tripDirTest">
        <test-method status="PASS" signature="setup(java.lang.String)[pri:0, instance:com.wmata.suite.ie.tripDirTest@74cf8b28]" name="setup" is-config="true" duration-ms="25119" started-at="2020-02-19T12:33:56 EST" finished-at="2020-02-19T12:34:21 EST">
          <params>
            <param index="0">
              <value>
                <![CDATA[ie]]>
              </value>
            </param>
          </params>
          <reporter-output>
          </reporter-output>
        </test-method> <!-- setup -->
        <test-method status="PASS" signature="executeTripSearch()[pri:0, instance:com.wmata.suite.ie.tripDirTest@74cf8b28]" name="executeTripSearch" duration-ms="6761" started-at="2020-02-19T12:34:21 EST" finished-at="2020-02-19T12:34:27 EST">
          <reporter-output>
          </reporter-output>
        </test-method> <!-- executeTripSearch -->
        <test-method status="PASS" signature="teardown()[pri:0, instance:com.wmata.suite.ie.tripDirTest@74cf8b28]" name="teardown" is-config="true" duration-ms="850" started-at="2020-02-19T12:34:27 EST" finished-at="2020-02-19T12:34:28 EST">
          <reporter-output>
          </reporter-output>
        </test-method> <!-- teardown -->
      </class> <!-- com.wmata.suite.ie.tripDirTest -->
    </test> <!-- ieTest -->
  </suite> <!-- TestNG Suite -->
</testng-results>
